<?xml version="1.0" encoding="utf-8"?><testsuites><testsuite name="pytest" errors="0" failures="0" skipped="0" tests="3" time="21.873" timestamp="2023-07-13T21:14:57.229199" hostname="test-pod1"><testcase classname="tests.unit.modules.test_dellos10_facts.TestDellOS10Facts" name="test_dellos10_facts_gather_subset_default" file="tests/unit/modules/test_dellos10_facts.py" line="49" time="0.108" /><testcase classname="tests.unit.modules.test_dellos10_facts.TestDellOS10Facts" name="test_dellos10_facts_gather_subset_routing" file="tests/unit/modules/test_dellos10_facts.py" line="96" time="0.111" /><testcase classname="tests.unit.modules.test_dellos10_facts.TestDellOS10Facts" name="test_dellos10_facts_gather_subset_lldp" file="tests/unit/modules/test_dellos10_facts.py" line="114" time="0.121" /></testsuite></testsuites>